#
# There is insufficient memory for the Java Runtime Environment to continue.
# Native memory allocation (malloc) failed to allocate 32744 bytes for ChunkPool::allocate
# Possible reasons:
#   The system is out of physical RAM or swap space
#   In 32 bit mode, the process size limit was hit
# Possible solutions:
#   Reduce memory load on the system
#   Increase physical memory or swap space
#   Check if swap backing store is full
#   Use 64 bit Java on a 64 bit OS
#   Decrease Java heap size (-Xmx/-Xms)
#   Decrease number of Java threads
#   Decrease Java thread stack sizes (-Xss)
#   Set larger code cache with -XX:ReservedCodeCacheSize=
# This output file may be truncated or incomplete.
#
#  Out of Memory Error (allocation.cpp:273), pid=15304, tid=0x0000000000001ac0
#
# JRE version: Java(TM) SE Runtime Environment (8.0_112-b15) (build 1.8.0_112-b15)
# Java VM: Java HotSpot(TM) 64-Bit Server VM (25.112-b15 mixed mode windows-amd64 compressed oops)
# Failed to write core dump. Minidumps are not enabled by default on client versions of Windows
#

---------------  T H R E A D  ---------------

Current thread (0x000000001a445800):  JavaThread "C1 CompilerThread3" daemon [_thread_in_native, id=6848, stack(0x000000001ac50000,0x000000001ad50000)]

Stack: [0x000000001ac50000,0x000000001ad50000]
[error occurred during error reporting (printing stack bounds), id 0xc0000005]

Native frames: (J=compiled Java code, j=interpreted, Vv=VM code, C=native code)


Current CompileTask:
C1:  35179 4087       1       freemarker.core.FMParserTokenManager::TokenLexicalActions (5542 bytes)


---------------  P R O C E S S  ---------------

Java Threads: ( => current thread )
  0x000000001d740000 JavaThread "RMI TCP Connection(idle)" daemon [_thread_blocked, id=18100, stack(0x00000000208d0000,0x00000000209d0000)]
  0x000000001d739000 JavaThread "RMI TCP Connection(idle)" daemon [_thread_blocked, id=10724, stack(0x00000000206d0000,0x00000000207d0000)]
  0x000000001d73b800 JavaThread "DestroyJavaVM" [_thread_blocked, id=11728, stack(0x0000000002ea0000,0x0000000002fa0000)]
  0x000000001d73a800 JavaThread "http-nio-8080-AsyncTimeout" daemon [_thread_blocked, id=7504, stack(0x00000000204d0000,0x00000000205d0000)]
  0x000000001d73a000 JavaThread "http-nio-8080-Acceptor-0" daemon [_thread_in_native, id=16868, stack(0x00000000203d0000,0x00000000204d0000)]
  0x000000001d738800 JavaThread "http-nio-8080-ClientPoller-1" daemon [_thread_in_native, id=8960, stack(0x00000000202d0000,0x00000000203d0000)]
  0x000000001d73f000 JavaThread "http-nio-8080-ClientPoller-0" daemon [_thread_in_native, id=15344, stack(0x00000000201d0000,0x00000000202d0000)]
  0x000000001d737800 JavaThread "http-nio-8080-exec-10" daemon [_thread_blocked, id=14844, stack(0x00000000200d0000,0x00000000201d0000)]
  0x000000001d73e800 JavaThread "http-nio-8080-exec-9" daemon [_thread_blocked, id=1328, stack(0x000000001ffd0000,0x00000000200d0000)]
  0x000000001d73d800 JavaThread "http-nio-8080-exec-8" daemon [_thread_blocked, id=12220, stack(0x000000001fed0000,0x000000001ffd0000)]
  0x000000001d736000 JavaThread "http-nio-8080-exec-7" daemon [_thread_blocked, id=15392, stack(0x000000001fdd0000,0x000000001fed0000)]
  0x000000001d737000 JavaThread "http-nio-8080-exec-6" daemon [_thread_blocked, id=13448, stack(0x000000001fcd0000,0x000000001fdd0000)]
  0x000000001d11f000 JavaThread "http-nio-8080-exec-5" daemon [_thread_blocked, id=12276, stack(0x000000001fbd0000,0x000000001fcd0000)]
  0x000000001d125800 JavaThread "http-nio-8080-exec-4" daemon [_thread_blocked, id=16192, stack(0x000000001fad0000,0x000000001fbd0000)]
  0x000000001d125000 JavaThread "http-nio-8080-exec-3" daemon [_thread_blocked, id=2256, stack(0x000000001f9d0000,0x000000001fad0000)]
  0x000000001d124000 JavaThread "http-nio-8080-exec-2" daemon [_thread_blocked, id=14904, stack(0x000000001f8d0000,0x000000001f9d0000)]
  0x000000001d120800 JavaThread "http-nio-8080-exec-1" daemon [_thread_blocked, id=11224, stack(0x000000001f7d0000,0x000000001f8d0000)]
  0x000000001d11f800 JavaThread "NioBlockingSelector.BlockPoller-1" daemon [_thread_in_native, id=7660, stack(0x000000001f6d0000,0x000000001f7d0000)]
  0x000000001d123800 JavaThread "Abandoned connection cleanup thread" daemon [_thread_blocked, id=12984, stack(0x000000001e9d0000,0x000000001ead0000)]
  0x000000001d122800 JavaThread "Tomcat JDBC Pool Cleaner[414493378:1542372531303]" daemon [_thread_blocked, id=14184, stack(0x000000001e8d0000,0x000000001e9d0000)]
  0x000000001d122000 JavaThread "container-0" [_thread_blocked, id=5664, stack(0x000000001e5d0000,0x000000001e6d0000)]
  0x000000001d121000 JavaThread "ContainerBackgroundProcessor[StandardEngine[Tomcat]]" daemon [_thread_blocked, id=1748, stack(0x000000001e4d0000,0x000000001e5d0000)]
  0x000000001b1b8000 JavaThread "RMI TCP Connection(idle)" daemon [_thread_blocked, id=5272, stack(0x000000001bf00000,0x000000001c000000)]
  0x000000001b1c3800 JavaThread "RMI Scheduler(0)" daemon [_thread_blocked, id=10332, stack(0x000000001be00000,0x000000001bf00000)]
  0x000000001b120800 JavaThread "RMI TCP Connection(idle)" daemon [_thread_blocked, id=12804, stack(0x000000001bd00000,0x000000001be00000)]
  0x000000001af17800 JavaThread "RMI TCP Accept-0" daemon [_thread_in_native, id=8392, stack(0x000000001b850000,0x000000001b950000)]
  0x000000001aed1000 JavaThread "RMI TCP Accept-63376" daemon [_thread_in_native, id=7984, stack(0x000000001b750000,0x000000001b850000)]
  0x000000001aec8800 JavaThread "RMI TCP Accept-0" daemon [_thread_in_native, id=9320, stack(0x000000001b650000,0x000000001b750000)]
  0x000000001ad80800 JavaThread "Service Thread" daemon [_thread_blocked, id=11072, stack(0x000000001b550000,0x000000001b650000)]
=>0x000000001a445800 JavaThread "C1 CompilerThread3" daemon [_thread_in_native, id=6848, stack(0x000000001ac50000,0x000000001ad50000)]
  0x000000001a418800 JavaThread "C2 CompilerThread2" daemon [_thread_blocked, id=17420, stack(0x000000001ab50000,0x000000001ac50000)]
  0x000000001a482000 JavaThread "C2 CompilerThread1" daemon [_thread_blocked, id=10912, stack(0x000000001aa50000,0x000000001ab50000)]
  0x000000001a45b800 JavaThread "C2 CompilerThread0" daemon [_thread_blocked, id=13244, stack(0x000000001a950000,0x000000001aa50000)]
  0x000000001a406000 JavaThread "Monitor Ctrl-Break" daemon [_thread_in_native, id=7472, stack(0x000000001a850000,0x000000001a950000)]
  0x000000001a184000 JavaThread "Attach Listener" daemon [_thread_blocked, id=6300, stack(0x000000001a750000,0x000000001a850000)]
  0x000000001a182800 
[error occurred during error reporting (printing all threads), id 0xc0000005]

VM state:at safepoint (normal execution)

VM Mutex/Monitor currently owned by a thread:  ([mutex/lock_event])
[0x0000000003122b60] Threads_lock - owner thread: 0x0000000018219800
[0x00000000031238f0] Heap_lock - owner thread: 0x000000001d120800

Heap:
 PSYoungGen      total 247296K, used 11668K [0x00000000d5b80000, 0x00000000e6600000, 0x0000000100000000)
  eden space 235520K, 0% used [0x00000000d5b80000,0x00000000d5b80000,0x00000000e4180000)
  from space 11776K, 99% used [0x00000000e5a80000,0x00000000e65e5258,0x00000000e6600000)
  to   space 17920K, 0% used [0x00000000e4300000,0x00000000e4300000,0x00000000e5480000)
 ParOldGen       total 92160K, used 24020K [0x0000000081200000, 0x0000000086c00000, 0x00000000d5b80000)
  object space 92160K, 26% used [0x0000000081200000,0x00000000829751b8,0x0000000086c00000)
 Metaspace       used 45971K, capacity 46549K, committed 46936K, reserved 1093632K
  class space    used 6007K, capacity 6163K, committed 6272K, reserved 1048576K

Card table byte_map: [0x00000000125e0000,0x00000000129e0000] byte_map_base: 0x00000000121d7000

Marking Bits: (ParMarkBitMap*) 0x000000005ee3a6d0
 Begin Bits: [0x0000000013490000, 0x0000000015448000)
 End Bits:   [0x0000000015448000, 0x0000000017400000)

Polling page: 0x0000000000c50000

CodeCache: size=245760Kb used=8691Kb max_used=8691Kb free=237068Kb
 bounds [0x0000000003220000, 0x0000000003aa0000, 0x0000000012220000]
 total_blobs=4607 nmethods=4070 adapters=448
 compilation: enabled

Compilation events (10 events):
Event: 35.084 Thread 0x000000001a445800 nmethod 4083 0x0000000003a9bd10 code [0x0000000003a9be60, 0x0000000003a9bf90]
Event: 35.084 Thread 0x000000001a445800 4084       1       freemarker.core.SimpleCharStream::backup (38 bytes)
Event: 35.084 Thread 0x000000001a445800 nmethod 4084 0x0000000003a9c050 code [0x0000000003a9c1a0, 0x0000000003a9c2d0]
Event: 35.086 Thread 0x000000001a445800 4085       1       freemarker.core.SimpleCharStream::GetImage (97 bytes)
Event: 35.086 Thread 0x000000001a445800 nmethod 4085 0x0000000003a9c350 code [0x0000000003a9c500, 0x0000000003a9c9d8]
Event: 35.088 Thread 0x000000001a445800 4086       1       freemarker.core.FMParserTokenManager::jjCheckNAddTwoStates (11 bytes)
Event: 35.088 Thread 0x000000001a445800 nmethod 4086 0x0000000003a9cc10 code [0x0000000003a9cd80, 0x0000000003a9ced8]
Event: 35.089 Thread 0x000000001a445800 4088       1       freemarker.core.FMParser::jj_consume_token (170 bytes)
Event: 35.090 Thread 0x000000001a445800 nmethod 4088 0x0000000003a9cf90 code [0x0000000003a9d100, 0x0000000003a9d3b8]
Event: 35.090 Thread 0x000000001a445800 4087       1       freemarker.core.FMParserTokenManager::TokenLexicalActions (5542 bytes)

GC Heap History (10 events):
Event: 3.980 GC heap after
Heap after GC invocations=8 (full 1):
 PSYoungGen      total 138240K, used 10209K [0x00000000d5b80000, 0x00000000e2f00000, 0x0000000100000000)
  eden space 128000K, 0% used [0x00000000d5b80000,0x00000000d5b80000,0x00000000dd880000)
  from space 10240K, 99% used [0x00000000dd880000,0x00000000de278450,0x00000000de280000)
  to   space 12800K, 0% used [0x00000000e2280000,0x00000000e2280000,0x00000000e2f00000)
 ParOldGen       total 56320K, used 12593K [0x0000000081200000, 0x0000000084900000, 0x00000000d5b80000)
  object space 56320K, 22% used [0x0000000081200000,0x0000000081e4c7f0,0x0000000084900000)
 Metaspace       used 27710K, capacity 28050K, committed 28288K, reserved 1073152K
  class space    used 3627K, capacity 3710K, committed 3712K, reserved 1048576K
}
Event: 4.759 GC heap before
{Heap before GC invocations=9 (full 1):
 PSYoungGen      total 138240K, used 88521K [0x00000000d5b80000, 0x00000000e2f00000, 0x0000000100000000)
  eden space 128000K, 61% used [0x00000000d5b80000,0x00000000da7fa2a0,0x00000000dd880000)
  from space 10240K, 99% used [0x00000000dd880000,0x00000000de278450,0x00000000de280000)
  to   space 12800K, 0% used [0x00000000e2280000,0x00000000e2280000,0x00000000e2f00000)
 ParOldGen       total 56320K, used 12593K [0x0000000081200000, 0x0000000084900000, 0x00000000d5b80000)
  object space 56320K, 22% used [0x0000000081200000,0x0000000081e4c7f0,0x0000000084900000)
 Metaspace       used 34731K, capacity 35148K, committed 35416K, reserved 1079296K
  class space    used 4544K, capacity 4653K, committed 4736K, reserved 1048576K
Event: 4.773 GC heap after
Heap after GC invocations=9 (full 1):
 PSYoungGen      total 199680K, used 12784K [0x00000000d5b80000, 0x00000000e4b00000, 0x0000000100000000)
  eden space 186880K, 0% used [0x00000000d5b80000,0x00000000d5b80000,0x00000000e1200000)
  from space 12800K, 99% used [0x00000000e2280000,0x00000000e2efc3a0,0x00000000e2f00000)
  to   space 16896K, 0% used [0x00000000e1200000,0x00000000e1200000,0x00000000e2280000)
 ParOldGen       total 56320K, used 17405K [0x0000000081200000, 0x0000000084900000, 0x00000000d5b80000)
  object space 56320K, 30% used [0x0000000081200000,0x00000000822ff710,0x0000000084900000)
 Metaspace       used 34731K, capacity 35148K, committed 35416K, reserved 1079296K
  class space    used 4544K, capacity 4653K, committed 4736K, reserved 1048576K
}
Event: 4.773 GC heap before
{Heap before GC invocations=10 (full 2):
 PSYoungGen      total 199680K, used 12784K [0x00000000d5b80000, 0x00000000e4b00000, 0x0000000100000000)
  eden space 186880K, 0% used [0x00000000d5b80000,0x00000000d5b80000,0x00000000e1200000)
  from space 12800K, 99% used [0x00000000e2280000,0x00000000e2efc3a0,0x00000000e2f00000)
  to   space 16896K, 0% used [0x00000000e1200000,0x00000000e1200000,0x00000000e2280000)
 ParOldGen       total 56320K, used 17405K [0x0000000081200000, 0x0000000084900000, 0x00000000d5b80000)
  object space 56320K, 30% used [0x0000000081200000,0x00000000822ff710,0x0000000084900000)
 Metaspace       used 34731K, capacity 35148K, committed 35416K, reserved 1079296K
  class space    used 4544K, capacity 4653K, committed 4736K, reserved 1048576K
Event: 4.833 GC heap after
Heap after GC invocations=10 (full 2):
 PSYoungGen      total 199680K, used 0K [0x00000000d5b80000, 0x00000000e4b00000, 0x0000000100000000)
  eden space 186880K, 0% used [0x00000000d5b80000,0x00000000d5b80000,0x00000000e1200000)
  from space 12800K, 0% used [0x00000000e2280000,0x00000000e2280000,0x00000000e2f00000)
  to   space 16896K, 0% used [0x00000000e1200000,0x00000000e1200000,0x00000000e2280000)
 ParOldGen       total 92160K, used 24004K [0x0000000081200000, 0x0000000086c00000, 0x00000000d5b80000)
  object space 92160K, 26% used [0x0000000081200000,0x00000000829711b8,0x0000000086c00000)
 Metaspace       used 34731K, capacity 35148K, committed 35416K, reserved 1079296K
  class space    used 4544K, capacity 4653K, committed 4736K, reserved 1048576K
}
Event: 5.833 GC heap before
{Heap before GC invocations=11 (full 2):
 PSYoungGen      total 199680K, used 186880K [0x00000000d5b80000, 0x00000000e4b00000, 0x0000000100000000)
  eden space 186880K, 100% used [0x00000000d5b80000,0x00000000e1200000,0x00000000e1200000)
  from space 12800K, 0% used [0x00000000e2280000,0x00000000e2280000,0x00000000e2f00000)
  to   space 16896K, 0% used [0x00000000e1200000,0x00000000e1200000,0x00000000e2280000)
 ParOldGen       total 92160K, used 24004K [0x0000000081200000, 0x0000000086c00000, 0x00000000d5b80000)
  object space 92160K, 26% used [0x0000000081200000,0x00000000829711b8,0x0000000086c00000)
 Metaspace       used 41868K, capacity 42450K, committed 42840K, reserved 1087488K
  class space    used 5528K, capacity 5662K, committed 5760K, reserved 1048576K
Event: 5.847 GC heap after
Heap after GC invocations=11 (full 2):
 PSYoungGen      total 203776K, used 14175K [0x00000000d5b80000, 0x00000000e6c00000, 0x0000000100000000)
  eden space 186880K, 0% used [0x00000000d5b80000,0x00000000d5b80000,0x00000000e1200000)
  from space 16896K, 83% used [0x00000000e1200000,0x00000000e1fd7ff8,0x00000000e2280000)
  to   space 17920K, 0% used [0x00000000e5a80000,0x00000000e5a80000,0x00000000e6c00000)
 ParOldGen       total 92160K, used 24012K [0x0000000081200000, 0x0000000086c00000, 0x00000000d5b80000)
  object space 92160K, 26% used [0x0000000081200000,0x00000000829731b8,0x0000000086c00000)
 Metaspace       used 41868K, capacity 42450K, committed 42840K, reserved 1087488K
  class space    used 5528K, capacity 5662K, committed 5760K, reserved 1048576K
}
Event: 35.103 GC heap before
{Heap before GC invocations=12 (full 2):
 PSYoungGen      total 203776K, used 79904K [0x00000000d5b80000, 0x00000000e6c00000, 0x0000000100000000)
  eden space 186880K, 35% used [0x00000000d5b80000,0x00000000d9bb02c8,0x00000000e1200000)
  from space 16896K, 83% used [0x00000000e1200000,0x00000000e1fd7ff8,0x00000000e2280000)
  to   space 17920K, 0% used [0x00000000e5a80000,0x00000000e5a80000,0x00000000e6c00000)
 ParOldGen       total 92160K, used 24012K [0x0000000081200000, 0x0000000086c00000, 0x00000000d5b80000)
  object space 92160K, 26% used [0x0000000081200000,0x00000000829731b8,0x0000000086c00000)
 Metaspace       used 45971K, capacity 46549K, committed 46936K, reserved 1093632K
  class space    used 6007K, capacity 6163K, committed 6272K, reserved 1048576K
Event: 35.122 GC heap after
Heap after GC invocations=12 (full 2):
 PSYoungGen      total 247296K, used 11668K [0x00000000d5b80000, 0x00000000e6600000, 0x0000000100000000)
  eden space 235520K, 0% used [0x00000000d5b80000,0x00000000d5b80000,0x00000000e4180000)
  from space 11776K, 99% used [0x00000000e5a80000,0x00000000e65e5258,0x00000000e6600000)
  to   space 17920K, 0% used [0x00000000e4300000,0x00000000e4300000,0x00000000e5480000)
 ParOldGen       total 92160K, used 24020K [0x0000000081200000, 0x0000000086c00000, 0x00000000d5b80000)
  object space 92160K, 26% used [0x0000000081200000,0x00000000829751b8,0x0000000086c00000)
 Metaspace       used 45971K, capacity 46549K, committed 46936K, reserved 1093632K
  class space    used 6007K, capacity 6163K, committed 6272K, reserved 1048576K
}
Event: 35.122 GC heap before
{Heap before GC invocations=13 (full 3):
 PSYoungGen      total 247296K, used 11668K [0x00000000d5b80000, 0x00000000e6600000, 0x0000000100000000)
  eden space 235520K, 0% used [0x00000000d5b80000,0x00000000d5b80000,0x00000000e4180000)
  from space 11776K, 99% used [0x00000000e5a80000,0x00000000e65e5258,0x00000000e6600000)
  to   space 17920K, 0% used [0x00000000e4300000,0x00000000e4300000,0x00000000e5480000)
 ParOldGen       total 92160K, used 24020K [0x0000000081200000, 0x0000000086c00000, 0x00000000d5b80000)
  object space 92160K, 26% used [0x0000000081200000,0x00000000829751b8,0x0000000086c00000)
 Metaspace       used 45971K, capacity 46549K, committed 46936K, reserved 1093632K
  class space    used 6007K, capacity 6163K, committed 6272K, reserved 1048576K

Deoptimization events (0 events):
No events

Internal exceptions (10 events):
Event: 34.816 Thread 0x000000001d120800 Exception <a 'java/lang/ClassNotFoundException': org/springframework/web/servlet/RequestToViewNameTranslatorCustomizer> (0x00000000d8504db0) thrown at [C:\re\workspace\8-2-build-windows-amd64-cygwin\jdk8u112\7884\hotspot\src\share\vm\classfile\systemDicti
Event: 34.820 Thread 0x000000001d120800 Exception <a 'java/lang/ClassNotFoundException': org/springframework/web/servlet/support/SessionFlashMapManagerBeanInfo> (0x00000000d8552fc0) thrown at [C:\re\workspace\8-2-build-windows-amd64-cygwin\jdk8u112\7884\hotspot\src\share\vm\classfile\systemDict
Event: 34.822 Thread 0x000000001d120800 Exception <a 'java/lang/ClassNotFoundException': org/springframework/web/servlet/support/AbstractFlashMapManagerBeanInfo> (0x00000000d856ad08) thrown at [C:\re\workspace\8-2-build-windows-amd64-cygwin\jdk8u112\7884\hotspot\src\share\vm\classfile\systemDic
Event: 34.824 Thread 0x000000001d120800 Exception <a 'java/lang/ClassNotFoundException': org/springframework/web/servlet/support/AbstractFlashMapManagerCustomizer> (0x00000000d8582e28) thrown at [C:\re\workspace\8-2-build-windows-amd64-cygwin\jdk8u112\7884\hotspot\src\share\vm\classfile\systemD
Event: 34.825 Thread 0x000000001d120800 Exception <a 'java/lang/ClassNotFoundException': org/springframework/web/servlet/support/SessionFlashMapManagerCustomizer> (0x00000000d85a2c30) thrown at [C:\re\workspace\8-2-build-windows-amd64-cygwin\jdk8u112\7884\hotspot\src\share\vm\classfile\systemDi
Event: 34.826 Thread 0x000000001d120800 Exception <a 'java/lang/ClassNotFoundException': org/springframework/web/servlet/FlashMapManagerCustomizer> (0x00000000d85ba630) thrown at [C:\re\workspace\8-2-build-windows-amd64-cygwin\jdk8u112\7884\hotspot\src\share\vm\classfile\systemDictionary.cpp, l
Event: 35.031 Thread 0x000000001d120800 Exception <a 'java/lang/ClassNotFoundException': com/xinyan/sell/dto/OrderDtoBeanInfo> (0x00000000d966e208) thrown at [C:\re\workspace\8-2-build-windows-amd64-cygwin\jdk8u112\7884\hotspot\src\share\vm\classfile\systemDictionary.cpp, line 210]
Event: 35.033 Thread 0x000000001d120800 Exception <a 'java/lang/ClassNotFoundException': com/xinyan/sell/dto/OrderDtoCustomizer> (0x00000000d967ee98) thrown at [C:\re\workspace\8-2-build-windows-amd64-cygwin\jdk8u112\7884\hotspot\src\share\vm\classfile\systemDictionary.cpp, line 210]
Event: 35.033 Thread 0x000000001d120800 Exception <a 'java/lang/ArrayIndexOutOfBoundsException'> (0x00000000d9688810) thrown at [C:\re\workspace\8-2-build-windows-amd64-cygwin\jdk8u112\7884\hotspot\src\share\vm\runtime\sharedRuntime.cpp, line 605]
Event: 35.033 Thread 0x000000001d120800 Exception <a 'java/lang/ArrayIndexOutOfBoundsException'> (0x00000000d968a038) thrown at [C:\re\workspace\8-2-build-windows-amd64-cygwin\jdk8u112\7884\hotspot\src\share\vm\runtime\sharedRuntime.cpp, line 605]

Events (10 events):
Event: 35.100 loading class org/apache/tomcat/util/http/parser/MediaType done
Event: 35.101 loading class freemarker/ext/servlet/AllHttpScopesHashModel
Event: 35.101 loading class freemarker/ext/servlet/AllHttpScopesHashModel done
Event: 35.102 loading class freemarker/ext/servlet/HttpRequestHashModel
Event: 35.102 loading class freemarker/ext/servlet/HttpRequestHashModel done
Event: 35.102 loading class freemarker/ext/servlet/HttpRequestParametersHashModel
Event: 35.102 loading class freemarker/ext/servlet/HttpRequestParametersHashModel done
Event: 35.103 loading class org/apache/tomcat/util/buf/C2BConverter
Event: 35.103 loading class org/apache/tomcat/util/buf/C2BConverter done
Event: 35.103 Executing VM operation: CollectForMetadataAllocation


Dynamic libraries:
0x00007ff620010000 - 0x00007ff620047000 	E:\win7\java\jdk1.8.0_112\bin\java.exe
0x00007ff97f8a0000 - 0x00007ff97fa81000 	C:\WINDOWS\SYSTEM32\ntdll.dll
0x00007ff97de30000 - 0x00007ff97dee2000 	C:\WINDOWS\System32\KERNEL32.DLL
0x00007ff97b660000 - 0x00007ff97b8d3000 	C:\WINDOWS\System32\KERNELBASE.dll
0x00007ff97ce70000 - 0x00007ff97cf11000 	C:\WINDOWS\System32\ADVAPI32.dll
0x00007ff97dd90000 - 0x00007ff97de2e000 	C:\WINDOWS\System32\msvcrt.dll
0x00007ff97c760000 - 0x00007ff97c7bb000 	C:\WINDOWS\System32\sechost.dll
0x00007ff97d080000 - 0x00007ff97d1a4000 	C:\WINDOWS\System32\RPCRT4.dll
0x00007ff97c550000 - 0x00007ff97c6e0000 	C:\WINDOWS\System32\USER32.dll
0x00007ff97c260000 - 0x00007ff97c280000 	C:\WINDOWS\System32\win32u.dll
0x00007ff97c430000 - 0x00007ff97c458000 	C:\WINDOWS\System32\GDI32.dll
0x00007ff97c0c0000 - 0x00007ff97c252000 	C:\WINDOWS\System32\gdi32full.dll
0x00007ff97c380000 - 0x00007ff97c41f000 	C:\WINDOWS\System32\msvcp_win.dll
0x00007ff97c280000 - 0x00007ff97c37a000 	C:\WINDOWS\System32\ucrtbase.dll
0x00007ff96e9b0000 - 0x00007ff96ec19000 	C:\WINDOWS\WinSxS\amd64_microsoft.windows.common-controls_6595b64144ccf1df_6.0.17134.376_none_fb439a3730647da2\COMCTL32.dll
0x00007ff97d830000 - 0x00007ff97db53000 	C:\WINDOWS\System32\combase.dll
0x00007ff97b8e0000 - 0x00007ff97b95a000 	C:\WINDOWS\System32\bcryptPrimitives.dll
0x00007ff97d800000 - 0x00007ff97d82d000 	C:\WINDOWS\System32\IMM32.DLL
0x00000000603d0000 - 0x00000000604a2000 	E:\win7\java\jdk1.8.0_112\jre\bin\msvcr100.dll
0x000000005e620000 - 0x000000005eeba000 	E:\win7\java\jdk1.8.0_112\jre\bin\server\jvm.dll
0x00007ff97c420000 - 0x00007ff97c428000 	C:\WINDOWS\System32\PSAPI.DLL
0x00007ff96f160000 - 0x00007ff96f16a000 	C:\WINDOWS\SYSTEM32\VERSION.dll
0x00007ff9702d0000 - 0x00007ff9702d9000 	C:\WINDOWS\SYSTEM32\WSOCK32.dll
0x00007ff970ae0000 - 0x00007ff970b03000 	C:\WINDOWS\SYSTEM32\WINMM.dll
0x00007ff97c6f0000 - 0x00007ff97c75c000 	C:\WINDOWS\System32\WS2_32.dll
0x00007ff970650000 - 0x00007ff97067a000 	C:\WINDOWS\SYSTEM32\winmmbase.dll
0x00007ff97c070000 - 0x00007ff97c0b9000 	C:\WINDOWS\System32\cfgmgr32.dll
0x0000000061250000 - 0x000000006125f000 	E:\win7\java\jdk1.8.0_112\jre\bin\verify.dll
0x00000000603a0000 - 0x00000000603c9000 	E:\win7\java\jdk1.8.0_112\jre\bin\java.dll
0x0000000060350000 - 0x0000000060373000 	E:\win7\java\jdk1.8.0_112\jre\bin\instrument.dll
0x0000000060380000 - 0x0000000060396000 	E:\win7\java\jdk1.8.0_112\jre\bin\zip.dll
0x00007ff97e160000 - 0x00007ff97f59f000 	C:\WINDOWS\System32\SHELL32.dll
0x00007ff97dce0000 - 0x00007ff97dd89000 	C:\WINDOWS\System32\shcore.dll
0x00007ff97b960000 - 0x00007ff97c06d000 	C:\WINDOWS\System32\windows.storage.dll
0x00007ff97ce10000 - 0x00007ff97ce61000 	C:\WINDOWS\System32\shlwapi.dll
0x00007ff97b2d0000 - 0x00007ff97b2e1000 	C:\WINDOWS\System32\kernel.appcore.dll
0x00007ff97b340000 - 0x00007ff97b35f000 	C:\WINDOWS\System32\profapi.dll
0x00007ff97b2f0000 - 0x00007ff97b33c000 	C:\WINDOWS\System32\powrprof.dll
0x00007ff97b2a0000 - 0x00007ff97b2aa000 	C:\WINDOWS\System32\FLTLIB.DLL
0x00007ff975280000 - 0x00007ff97529a000 	E:\win7\java\IntelliJ IDEA 2018.1.4\bin\breakgen64.dll
0x000000005d910000 - 0x000000005d92a000 	E:\win7\java\jdk1.8.0_112\jre\bin\net.dll
0x00007ff97ab20000 - 0x00007ff97ab86000 	C:\WINDOWS\system32\mswsock.dll
0x0000000061240000 - 0x000000006124d000 	E:\win7\java\jdk1.8.0_112\jre\bin\management.dll
0x000000005d8f0000 - 0x000000005d901000 	E:\win7\java\jdk1.8.0_112\jre\bin\nio.dll
0x00007ff96cf00000 - 0x00007ff96cf16000 	C:\WINDOWS\system32\napinsp.dll
0x00007ff96cbe0000 - 0x00007ff96cbfa000 	C:\WINDOWS\system32\pnrpnsp.dll
0x00007ff977e60000 - 0x00007ff977e79000 	C:\WINDOWS\system32\NLAapi.dll
0x00007ff97a8e0000 - 0x00007ff97a99e000 	C:\WINDOWS\SYSTEM32\DNSAPI.dll
0x00007ff97d1b0000 - 0x00007ff97d1b8000 	C:\WINDOWS\System32\NSI.dll
0x00007ff97a8a0000 - 0x00007ff97a8d8000 	C:\WINDOWS\SYSTEM32\IPHLPAPI.DLL
0x00007ff977f80000 - 0x00007ff977f8e000 	C:\WINDOWS\System32\winrnr.dll
0x00007ff974560000 - 0x00007ff97456a000 	C:\Windows\System32\rasadhlp.dll
0x00007ff9746b0000 - 0x00007ff974722000 	C:\WINDOWS\System32\fwpuclnt.dll
0x00007ff97ae00000 - 0x00007ff97ae25000 	C:\WINDOWS\SYSTEM32\bcrypt.dll
0x00007ff97acd0000 - 0x00007ff97ace7000 	C:\WINDOWS\SYSTEM32\CRYPTSP.dll
0x00007ff97a700000 - 0x00007ff97a733000 	C:\WINDOWS\system32\rsaenh.dll
0x00007ff97b1d0000 - 0x00007ff97b1f8000 	C:\WINDOWS\SYSTEM32\USERENV.dll
0x00007ff97acf0000 - 0x00007ff97acfb000 	C:\WINDOWS\SYSTEM32\CRYPTBASE.dll
0x00007ff976de0000 - 0x00007ff976df6000 	C:\WINDOWS\SYSTEM32\dhcpcsvc6.DLL
0x00007ff976d20000 - 0x00007ff976d3a000 	C:\WINDOWS\SYSTEM32\dhcpcsvc.DLL

VM Arguments:
jvm_args: -XX:TieredStopAtLevel=1 -Xverify:none -Dspring.output.ansi.enabled=always -Dcom.sun.management.jmxremote -Dcom.sun.management.jmxremote.port=63376 -Dcom.sun.management.jmxremote.authenticate=false -Dcom.sun.management.jmxremote.ssl=false -Djava.rmi.server.hostname=localhost -Dspring.liveBeansView.mbeanDomain -Dspring.application.admin.enabled=true -javaagent:E:\win7\java\IntelliJ IDEA 2018.1.4\lib\idea_rt.jar=63377:E:\win7\java\IntelliJ IDEA 2018.1.4\bin -Dfile.encoding=UTF-8 
java_command: com.xinyan.sell.SellApplication
java_class_path (initial): E:\win7\java\jdk1.8.0_112\jre\lib\charsets.jar;E:\win7\java\jdk1.8.0_112\jre\lib\deploy.jar;E:\win7\java\jdk1.8.0_112\jre\lib\ext\access-bridge-64.jar;E:\win7\java\jdk1.8.0_112\jre\lib\ext\cldrdata.jar;E:\win7\java\jdk1.8.0_112\jre\lib\ext\dnsns.jar;E:\win7\java\jdk1.8.0_112\jre\lib\ext\jaccess.jar;E:\win7\java\jdk1.8.0_112\jre\lib\ext\jfxrt.jar;E:\win7\java\jdk1.8.0_112\jre\lib\ext\localedata.jar;E:\win7\java\jdk1.8.0_112\jre\lib\ext\nashorn.jar;E:\win7\java\jdk1.8.0_112\jre\lib\ext\sunec.jar;E:\win7\java\jdk1.8.0_112\jre\lib\ext\sunjce_provider.jar;E:\win7\java\jdk1.8.0_112\jre\lib\ext\sunmscapi.jar;E:\win7\java\jdk1.8.0_112\jre\lib\ext\sunpkcs11.jar;E:\win7\java\jdk1.8.0_112\jre\lib\ext\zipfs.jar;E:\win7\java\jdk1.8.0_112\jre\lib\javaws.jar;E:\win7\java\jdk1.8.0_112\jre\lib\jce.jar;E:\win7\java\jdk1.8.0_112\jre\lib\jfr.jar;E:\win7\java\jdk1.8.0_112\jre\lib\jfxswt.jar;E:\win7\java\jdk1.8.0_112\jre\lib\jsse.jar;E:\win7\java\jdk1.8.0_112\jre\lib\management-agent.jar;E:\win7\java\jdk1.8.0_112\jre\lib\plugin.jar;E:\win7\java\jdk1.8.0_112\jre\lib\resources.jar;E:\win7\java\jdk1.8.0_112\jre\lib\rt.jar;E:\win7\java\Workspace\git\sell\target\classes;E:\win7\java\MavenDepot\org\springframework\boot\spring-boot-starter-data-jpa\1.5.17.RELEASE\spring-boot-starter-data-jpa-1.5.17.RELEASE.jar;E:\win7\java\MavenDepot\org\springframework\boot\spring-boot-starter\1.5.17.RELEASE\spring-boot-starter-1.5.17.RELEASE.jar;E:\win7\java\MavenDepot\org\springframework\boot\spring-boot\1.5.17.RELEASE\spring-boot-1.5.17.RELEASE.jar;E:\win7\java\MavenDepot\org\springframework\boot\spring-boot-autoconfigure\1.5.17.RELEASE\spring-boot-autoconfigure-1.5.17.RELEASE.jar;E:\win7\java\MavenDepot\org\springframework\boot\spring-boot-starter-logging\1.5.17.RELEASE\spring-boot-starter-logging-1.5.17.RELEASE.jar;E:\win7\java\MavenDepot\ch\qos\logback\logback-classic\1.1.11\logback-classic-1.1.11.jar;E:\win7\java\MavenDepot\ch\qos\logback\logback-core\1.1.11\logback-core-1.1
Launcher Type: SUN_STANDARD

Environment Variables:
JAVA_HOME=E:\win7\java\jdk1.8.0_112
CLASSPATH=.;E:\win7\java\jdk1.8.0_112\lib;E:\win7\java\jdk1.8.0_112\lib\dt.jar;E:\win7\java\jdk1.8.0_112\lib\tools.jar
PATH=E:\win7\java\app\Administrator\product\11.2.0\dbhome_1\bin;C:\ProgramData\Oracle\Java\javapath;C:\Program Files (x86)\NVIDIA Corporation\PhysX\Common;C:\WINDOWS\system32;C:\WINDOWS;C:\WINDOWS\System32\Wbem;C:\WINDOWS\System32\WindowsPowerShell\v1.0\;C:\Program Files\Intel\WiFi\bin\;C:\Program Files\Common Files\Intel\WirelessCommon\;E:\win7\java\jdk1.8.0_112\bin;E:\win7\java\jdk1.8.0_112\jre\bin;E:\win7\java\mysql-5.7.22-winx64\bin;E:\win7\java\apache-maven-3.5.3\bin;E:\win7\java\apache-tomcat-8.5.34\lib;C:\WINDOWS\System32\OpenSSH\;C:\Program Files\Intel\WiFi\bin\;C:\Program Files\Common Files\Intel\WirelessCommon\;C:\Users\Administrator.USER-20181009CL\AppData\Local\Microsoft\WindowsApps;;E:\win7\java\Microsoft VS Code\bin
USERNAME=Administrator
OS=Windows_NT
PROCESSOR_IDENTIFIER=Intel64 Family 6 Model 60 Stepping 3, GenuineIntel



---------------  S Y S T E M  ---------------

OS: Windows 10.0 , 64 bit Build 17134 (10.0.17134.1)

CPU:total 8 (4 cores per cpu, 2 threads per core) family 6 model 60 stepping 3, cmov, cx8, fxsr, mmx, sse, sse2, sse3, ssse3, sse4.1, sse4.2, popcnt, avx, avx2, aes, clmul, erms, lzcnt, ht, tsc, tscinvbit, bmi1, bmi2

Memory: 4k page, physical 8313132k(1302748k free), swap 8313132k(10460k free)

vm_info: Java HotSpot(TM) 64-Bit Server VM (25.112-b15) for windows-amd64 JRE (1.8.0_112-b15), built on Sep 22 2016 21:31:56 by "java_re" with MS VC++ 10.0 (VS2010)

time: Fri Nov 16 20:49:22 2018
elapsed time: 35 seconds (0d 0h 0m 35s)

